<?xml version="1.0" encoding="UTF-8"?>
<!-- Generated by org.testng.reporters.JUnitReportReporter -->
<testsuite skipped="0" hostname="MT-PG0296K9" name="com.mindtree.Runner.ForTestng" tests="1" failures="0" timestamp="14 Apr 2021 10:25:24 GMT" time="4.741" errors="0">
  <testcase name="testScript" time="4.741" classname="com.mindtree.Runner.ForTestng"/>
</testsuite> <!-- com.mindtree.Runner.ForTestng -->
